I:\DemoTool\uDDS_demo\Debug\publisher.pdb
I:\DemoTool\uDDS_demo\publisher\Debug\cl.command.1.tlog
I:\DemoTool\uDDS_demo\publisher\Debug\CL.read.1.tlog
I:\DemoTool\uDDS_demo\publisher\Debug\CL.write.1.tlog
I:\DEMOTOOL\UDDS_DEMO\PUBLISHER\DEBUG\IDL_DATAREADER.OBJ
I:\DEMOTOOL\UDDS_DEMO\PUBLISHER\DEBUG\IDL_DATAWRITER.OBJ
I:\DEMOTOOL\UDDS_DEMO\PUBLISHER\DEBUG\IDL_USERDATATYPE.OBJ
I:\DemoTool\uDDS_demo\publisher\Debug\link.command.1.tlog
I:\DemoTool\uDDS_demo\publisher\Debug\link.read.1.tlog
I:\DemoTool\uDDS_demo\publisher\Debug\link.write.1.tlog
I:\DemoTool\uDDS_demo\publisher\Debug\mt.command.1.tlog
I:\DemoTool\uDDS_demo\publisher\Debug\mt.read.1.tlog
I:\DemoTool\uDDS_demo\publisher\Debug\mt.write.1.tlog
I:\DEMOTOOL\UDDS_DEMO\PUBLISHER\DEBUG\PUB.OBJ
I:\DemoTool\uDDS_demo\publisher\Debug\publisher.exe.intermediate.manifest
I:\DemoTool\uDDS_demo\publisher\Debug\publisher.vcxprojResolveAssemblyReference.cache
I:\DemoTool\uDDS_demo\publisher\Debug\publisher.write.1.tlog
I:\DemoTool\uDDS_demo\publisher\Debug\vc100.idb
I:\DEMOTOOL\UDDS_DEMO\PUBLISHER\DEBUG\VC100.PDB
I:\DEMOTOOL\UDDS_DEMO\PUBLISHER\UDDSD.LIB
