生成启动时间为 2023-03-25 20:28:37。
     1>项目“I:\DemoTool\uDDS_demo\publisher\publisher.vcxproj”在节点 2 上(build 个目标)。
     1>InitializeBuildStatus:
         正在对“Debug\publisher.unsuccessfulbuild”执行 Touch 任务。
       ClCompile:
         i:\VS2010\VC\bin\CL.exe /c /II:\DemoTool\uDDS_demo\include /ZI /nologo /W3 /WX- /Od /Oy- /D _MBCS /Gm /EHsc /RTC1 /MDd /GS /fp:precise /Zc:wchar_t /Zc:forScope /Fo"Debug\\" /Fd"Debug\vc100.pdb" /Gd /TP /analyze- /errorReport:prompt IDL_DataReader.cpp IDL_DataWriter.cpp IDL_UserDataType.cpp pub.cpp
         pub.cpp
     1>i:\demotool\udds_demo\publisher\pub.cpp : warning C4819: 该文件包含不能在当前代码页(936)中表示的字符。请将该文件保存为 Unicode 格式以防止数据丢失
     1>i:\demotool\udds_demo\include\seq\sequence.template(105): warning C4018: “<”: 有符号/无符号不匹配
                 i:\demotool\udds_demo\include\seq\sequence.template(63): 编译类 模板 成员函数“bool sequence<T>::set_maximum(unsigned long)”时
                 with
                 [
                     T=std::string
                 ]
                 i:\demotool\udds_demo\include\seq\sequence.template(5): 编译类 模板 成员函数“sequence<T>::sequence(void)”时
                 with
                 [
                     T=std::string
                 ]
                 i:\demotool\udds_demo\include\seq\sequence.template(600): 参见对正在编译的类 模板 实例化“sequence<T>”的引用
                 with
                 [
                     T=std::string
                 ]
     1>i:\demotool\udds_demo\include\seq\sequence.template(105): warning C4018: “<”: 有符号/无符号不匹配
                 i:\demotool\udds_demo\include\seq\sequence.template(63): 编译类 模板 成员函数“bool sequence<T>::set_maximum(unsigned long)”时
                 with
                 [
                     T=octet
                 ]
                 i:\demotool\udds_demo\include\seq\sequence.template(5): 编译类 模板 成员函数“sequence<T>::sequence(void)”时
                 with
                 [
                     T=octet
                 ]
                 i:\demotool\udds_demo\include\seq\sequence.template(681): 参见对正在编译的类 模板 实例化“sequence<T>”的引用
                 with
                 [
                     T=octet
                 ]
     1>i:\demotool\udds_demo\include\seq\sequence.template(105): warning C4018: “<”: 有符号/无符号不匹配
                 i:\demotool\udds_demo\include\seq\sequence.template(63): 编译类 模板 成员函数“bool sequence<T>::set_maximum(unsigned long)”时
                 with
                 [
                     T=TransportMulticastSettings
                 ]
                 i:\demotool\udds_demo\include\seq\sequence.template(5): 编译类 模板 成员函数“sequence<T>::sequence(void)”时
                 with
                 [
                     T=TransportMulticastSettings
                 ]
                 i:\demotool\udds_demo\include\qospolicy.h(587): 参见对正在编译的类 模板 实例化“sequence<T>”的引用
                 with
                 [
                     T=TransportMulticastSettings
                 ]
         IDL_UserDataType.cpp
         IDL_DataWriter.cpp
     1>i:\demotool\udds_demo\include\seq\sequence.template(105): warning C4018: “<”: 有符号/无符号不匹配
                 i:\demotool\udds_demo\include\seq\sequence.template(63): 编译类 模板 成员函数“bool sequence<T>::set_maximum(unsigned long)”时
                 with
                 [
                     T=std::string
                 ]
                 i:\demotool\udds_demo\include\seq\sequence.template(5): 编译类 模板 成员函数“sequence<T>::sequence(void)”时
                 with
                 [
                     T=std::string
                 ]
                 i:\demotool\udds_demo\include\seq\sequence.template(600): 参见对正在编译的类 模板 实例化“sequence<T>”的引用
                 with
                 [
                     T=std::string
                 ]
     1>i:\demotool\udds_demo\include\seq\sequence.template(105): warning C4018: “<”: 有符号/无符号不匹配
                 i:\demotool\udds_demo\include\seq\sequence.template(63): 编译类 模板 成员函数“bool sequence<T>::set_maximum(unsigned long)”时
                 with
                 [
                     T=octet
                 ]
                 i:\demotool\udds_demo\include\seq\sequence.template(5): 编译类 模板 成员函数“sequence<T>::sequence(void)”时
                 with
                 [
                     T=octet
                 ]
                 i:\demotool\udds_demo\include\seq\sequence.template(681): 参见对正在编译的类 模板 实例化“sequence<T>”的引用
                 with
                 [
                     T=octet
                 ]
     1>i:\demotool\udds_demo\include\seq\sequence.template(105): warning C4018: “<”: 有符号/无符号不匹配
                 i:\demotool\udds_demo\include\seq\sequence.template(63): 编译类 模板 成员函数“bool sequence<T>::set_maximum(unsigned long)”时
                 with
                 [
                     T=TransportMulticastSettings
                 ]
                 i:\demotool\udds_demo\include\seq\sequence.template(5): 编译类 模板 成员函数“sequence<T>::sequence(void)”时
                 with
                 [
                     T=TransportMulticastSettings
                 ]
                 i:\demotool\udds_demo\include\qospolicy.h(587): 参见对正在编译的类 模板 实例化“sequence<T>”的引用
                 with
                 [
                     T=TransportMulticastSettings
                 ]
         IDL_DataReader.cpp
     1>i:\demotool\udds_demo\publisher\idl_datareader.cpp(27): warning C4018: “<”: 有符号/无符号不匹配
     1>i:\demotool\udds_demo\publisher\idl_datareader.cpp(44): warning C4018: “<”: 有符号/无符号不匹配
     1>i:\demotool\udds_demo\include\seq\sequence.template(105): warning C4018: “<”: 有符号/无符号不匹配
                 i:\demotool\udds_demo\include\seq\sequence.template(63): 编译类 模板 成员函数“bool sequence<T>::set_maximum(unsigned long)”时
                 with
                 [
                     T=std::string
                 ]
                 i:\demotool\udds_demo\include\seq\sequence.template(5): 编译类 模板 成员函数“sequence<T>::sequence(void)”时
                 with
                 [
                     T=std::string
                 ]
                 i:\demotool\udds_demo\include\seq\sequence.template(600): 参见对正在编译的类 模板 实例化“sequence<T>”的引用
                 with
                 [
                     T=std::string
                 ]
     1>i:\demotool\udds_demo\include\seq\sequence.template(105): warning C4018: “<”: 有符号/无符号不匹配
                 i:\demotool\udds_demo\include\seq\sequence.template(63): 编译类 模板 成员函数“bool sequence<T>::set_maximum(unsigned long)”时
                 with
                 [
                     T=octet
                 ]
                 i:\demotool\udds_demo\include\seq\sequence.template(5): 编译类 模板 成员函数“sequence<T>::sequence(void)”时
                 with
                 [
                     T=octet
                 ]
                 i:\demotool\udds_demo\include\seq\sequence.template(681): 参见对正在编译的类 模板 实例化“sequence<T>”的引用
                 with
                 [
                     T=octet
                 ]
     1>i:\demotool\udds_demo\include\seq\sequence.template(105): warning C4018: “<”: 有符号/无符号不匹配
                 i:\demotool\udds_demo\include\seq\sequence.template(63): 编译类 模板 成员函数“bool sequence<T>::set_maximum(unsigned long)”时
                 with
                 [
                     T=TransportMulticastSettings
                 ]
                 i:\demotool\udds_demo\include\seq\sequence.template(5): 编译类 模板 成员函数“sequence<T>::sequence(void)”时
                 with
                 [
                     T=TransportMulticastSettings
                 ]
                 i:\demotool\udds_demo\include\qospolicy.h(587): 参见对正在编译的类 模板 实例化“sequence<T>”的引用
                 with
                 [
                     T=TransportMulticastSettings
                 ]
     1>i:\demotool\udds_demo\include\seq\sequence.template(105): warning C4018: “<”: 有符号/无符号不匹配
                 i:\demotool\udds_demo\include\seq\sequence.template(63): 编译类 模板 成员函数“bool sequence<T>::set_maximum(unsigned long)”时
                 with
                 [
                     T=UserDataType
                 ]
                 i:\demotool\udds_demo\include\seq\sequence.template(165): 编译类 模板 成员函数“bool sequence<T>::ensure_length(unsigned long,unsigned long)”时
                 with
                 [
                     T=UserDataType
                 ]
                 i:\demotool\udds_demo\publisher\idl_datareader.cpp(26): 参见对正在编译的类 模板 实例化“sequence<T>”的引用
                 with
                 [
                     T=UserDataType
                 ]
         正在生成代码...
       Link:
         i:\VS2010\VC\bin\link.exe /ERRORREPORT:PROMPT /OUT:"I:\DemoTool\uDDS_demo\Debug\publisher.exe" /NOLOGO /LIBPATH:I:\DemoTool\uDDS_demo\vs2010Win32Debug uDDSd.lib /MANIFEST /ManifestFile:"Debug\publisher.exe.intermediate.manifest" /MANIFESTUAC:"level='asInvoker' uiAccess='false'" /DEBUG /PDB:"I:\DemoTool\uDDS_demo\Debug\publisher.pdb" /TLBID:1 /DYNAMICBASE /NXCOMPAT /IMPLIB:"I:\DemoTool\uDDS_demo\Debug\publisher.lib" /MACHINE:X86 Debug\IDL_DataReader.obj
         Debug\IDL_DataWriter.obj
         Debug\IDL_UserDataType.obj
         Debug\pub.obj
         publisher.vcxproj -> I:\DemoTool\uDDS_demo\Debug\publisher.exe
       Manifest:
         C:\Program Files (x86)\Microsoft SDKs\Windows\v7.0A\bin\mt.exe /nologo /verbose /outputresource:"I:\DemoTool\uDDS_demo\Debug\publisher.exe;#1" /manifest Debug\publisher.exe.intermediate.manifest
       FinalizeBuildStatus:
         正在删除文件“Debug\publisher.unsuccessfulbuild”。
         正在对“Debug\publisher.lastbuildstate”执行 Touch 任务。
     1>已完成生成项目“I:\DemoTool\uDDS_demo\publisher\publisher.vcxproj”(build 个目标)的操作。

生成成功。

已用时间 00:00:13.30
